  AsyncLoad.cpp
d:\apanfutov\black hole\c++_proj\multithreaded data loading\multithreaded data loading\multithreaded data loading\asyncload.cpp(90): error C2664: "SQLRETURN SQLGetData(SQLHSTMT,SQLUSMALLINT,SQLSMALLINT,SQLPOINTER,SQLLEN,SQLLEN *)": невозможно преобразовать аргумент 6 из "SQLINTEGER *" в "SQLLEN *"
  d:\apanfutov\black hole\c++_proj\multithreaded data loading\multithreaded data loading\multithreaded data loading\asyncload.cpp(96): note: Типы, на которые указывают указатели, не связаны; для преобразования требуется reinterpret_cast, приведение в стиле С или приведение в стиле функции
  connection.cpp
d:\apanfutov\black hole\c++_proj\multithreaded data loading\multithreaded data loading\multithreaded data loading\connection.cpp(122): warning C4267: аргумент: преобразование из "size_t" в "SQLSMALLINT"; возможна потеря данных
d:\apanfutov\black hole\c++_proj\multithreaded data loading\multithreaded data loading\multithreaded data loading\connection.cpp(205): error C2664: "SQLRETURN SQLGetData(SQLHSTMT,SQLUSMALLINT,SQLSMALLINT,SQLPOINTER,SQLLEN,SQLLEN *)": невозможно преобразовать аргумент 6 из "SQLINTEGER *" в "SQLLEN *"
  d:\apanfutov\black hole\c++_proj\multithreaded data loading\multithreaded data loading\multithreaded data loading\connection.cpp(205): note: Типы, на которые указывают указатели, не связаны; для преобразования требуется reinterpret_cast, приведение в стиле С или приведение в стиле функции
d:\apanfutov\black hole\c++_proj\multithreaded data loading\multithreaded data loading\multithreaded data loading\connection.cpp(206): error C2664: "SQLRETURN SQLGetData(SQLHSTMT,SQLUSMALLINT,SQLSMALLINT,SQLPOINTER,SQLLEN,SQLLEN *)": невозможно преобразовать аргумент 6 из "SQLINTEGER *" в "SQLLEN *"
  d:\apanfutov\black hole\c++_proj\multithreaded data loading\multithreaded data loading\multithreaded data loading\connection.cpp(206): note: Типы, на которые указывают указатели, не связаны; для преобразования требуется reinterpret_cast, приведение в стиле С или приведение в стиле функции
d:\apanfutov\black hole\c++_proj\multithreaded data loading\multithreaded data loading\multithreaded data loading\connection.cpp(207): error C2664: "SQLRETURN SQLGetData(SQLHSTMT,SQLUSMALLINT,SQLSMALLINT,SQLPOINTER,SQLLEN,SQLLEN *)": невозможно преобразовать аргумент 6 из "SQLINTEGER *" в "SQLLEN *"
  d:\apanfutov\black hole\c++_proj\multithreaded data loading\multithreaded data loading\multithreaded data loading\connection.cpp(207): note: Типы, на которые указывают указатели, не связаны; для преобразования требуется reinterpret_cast, приведение в стиле С или приведение в стиле функции
d:\apanfutov\black hole\c++_proj\multithreaded data loading\multithreaded data loading\multithreaded data loading\connection.cpp(208): error C2664: "SQLRETURN SQLGetData(SQLHSTMT,SQLUSMALLINT,SQLSMALLINT,SQLPOINTER,SQLLEN,SQLLEN *)": невозможно преобразовать аргумент 6 из "SQLINTEGER *" в "SQLLEN *"
  d:\apanfutov\black hole\c++_proj\multithreaded data loading\multithreaded data loading\multithreaded data loading\connection.cpp(208): note: Типы, на которые указывают указатели, не связаны; для преобразования требуется reinterpret_cast, приведение в стиле С или приведение в стиле функции
d:\apanfutov\black hole\c++_proj\multithreaded data loading\multithreaded data loading\multithreaded data loading\connection.cpp(283): error C2664: "SQLRETURN SQLGetData(SQLHSTMT,SQLUSMALLINT,SQLSMALLINT,SQLPOINTER,SQLLEN,SQLLEN *)": невозможно преобразовать аргумент 6 из "SQLINTEGER *" в "SQLLEN *"
  d:\apanfutov\black hole\c++_proj\multithreaded data loading\multithreaded data loading\multithreaded data loading\connection.cpp(289): note: Типы, на которые указывают указатели, не связаны; для преобразования требуется reinterpret_cast, приведение в стиле С или приведение в стиле функции
  FALoad.cpp
d:\apanfutov\black hole\c++_proj\multithreaded data loading\multithreaded data loading\multithreaded data loading\faload.cpp(107): error C2664: "SQLRETURN SQLBindParameter(SQLHSTMT,SQLUSMALLINT,SQLSMALLINT,SQLSMALLINT,SQLSMALLINT,SQLULEN,SQLSMALLINT,SQLPOINTER,SQLLEN,SQLLEN *)": невозможно преобразовать аргумент 10 из "SQLINTEGER *" в "SQLLEN *"
  d:\apanfutov\black hole\c++_proj\multithreaded data loading\multithreaded data loading\multithreaded data loading\faload.cpp(116): note: Типы, на которые указывают указатели, не связаны; для преобразования требуется reinterpret_cast, приведение в стиле С или приведение в стиле функции
d:\apanfutov\black hole\c++_proj\multithreaded data loading\multithreaded data loading\multithreaded data loading\faload.cpp(148): error C2664: "SQLRETURN SQLGetData(SQLHSTMT,SQLUSMALLINT,SQLSMALLINT,SQLPOINTER,SQLLEN,SQLLEN *)": невозможно преобразовать аргумент 6 из "SQLINTEGER *" в "SQLLEN *"
  d:\apanfutov\black hole\c++_proj\multithreaded data loading\multithreaded data loading\multithreaded data loading\faload.cpp(153): note: Типы, на которые указывают указатели, не связаны; для преобразования требуется reinterpret_cast, приведение в стиле С или приведение в стиле функции
d:\apanfutov\black hole\c++_proj\multithreaded data loading\multithreaded data loading\multithreaded data loading\faload.cpp(159): error C2664: "SQLRETURN SQLGetData(SQLHSTMT,SQLUSMALLINT,SQLSMALLINT,SQLPOINTER,SQLLEN,SQLLEN *)": невозможно преобразовать аргумент 6 из "SQLINTEGER *" в "SQLLEN *"
  d:\apanfutov\black hole\c++_proj\multithreaded data loading\multithreaded data loading\multithreaded data loading\faload.cpp(164): note: Типы, на которые указывают указатели, не связаны; для преобразования требуется reinterpret_cast, приведение в стиле С или приведение в стиле функции
d:\apanfutov\black hole\c++_proj\multithreaded data loading\multithreaded data loading\multithreaded data loading\faload.cpp(170): error C2664: "SQLRETURN SQLGetData(SQLHSTMT,SQLUSMALLINT,SQLSMALLINT,SQLPOINTER,SQLLEN,SQLLEN *)": невозможно преобразовать аргумент 6 из "SQLINTEGER *" в "SQLLEN *"
  d:\apanfutov\black hole\c++_proj\multithreaded data loading\multithreaded data loading\multithreaded data loading\faload.cpp(175): note: Типы, на которые указывают указатели, не связаны; для преобразования требуется reinterpret_cast, приведение в стиле С или приведение в стиле функции
d:\apanfutov\black hole\c++_proj\multithreaded data loading\multithreaded data loading\multithreaded data loading\faload.cpp(181): error C2664: "SQLRETURN SQLGetData(SQLHSTMT,SQLUSMALLINT,SQLSMALLINT,SQLPOINTER,SQLLEN,SQLLEN *)": невозможно преобразовать аргумент 6 из "SQLINTEGER *" в "SQLLEN *"
  d:\apanfutov\black hole\c++_proj\multithreaded data loading\multithreaded data loading\multithreaded data loading\faload.cpp(186): note: Типы, на которые указывают указатели, не связаны; для преобразования требуется reinterpret_cast, приведение в стиле С или приведение в стиле функции
d:\apanfutov\black hole\c++_proj\multithreaded data loading\multithreaded data loading\multithreaded data loading\faload.cpp(192): error C2664: "SQLRETURN SQLGetData(SQLHSTMT,SQLUSMALLINT,SQLSMALLINT,SQLPOINTER,SQLLEN,SQLLEN *)": невозможно преобразовать аргумент 6 из "SQLINTEGER *" в "SQLLEN *"
  d:\apanfutov\black hole\c++_proj\multithreaded data loading\multithreaded data loading\multithreaded data loading\faload.cpp(197): note: Типы, на которые указывают указатели, не связаны; для преобразования требуется reinterpret_cast, приведение в стиле С или приведение в стиле функции
d:\apanfutov\black hole\c++_proj\multithreaded data loading\multithreaded data loading\multithreaded data loading\faload.cpp(203): error C2664: "SQLRETURN SQLGetData(SQLHSTMT,SQLUSMALLINT,SQLSMALLINT,SQLPOINTER,SQLLEN,SQLLEN *)": невозможно преобразовать аргумент 6 из "SQLINTEGER *" в "SQLLEN *"
  d:\apanfutov\black hole\c++_proj\multithreaded data loading\multithreaded data loading\multithreaded data loading\faload.cpp(208): note: Типы, на которые указывают указатели, не связаны; для преобразования требуется reinterpret_cast, приведение в стиле С или приведение в стиле функции
d:\apanfutov\black hole\c++_proj\multithreaded data loading\multithreaded data loading\multithreaded data loading\faload.cpp(214): error C2664: "SQLRETURN SQLGetData(SQLHSTMT,SQLUSMALLINT,SQLSMALLINT,SQLPOINTER,SQLLEN,SQLLEN *)": невозможно преобразовать аргумент 6 из "SQLINTEGER *" в "SQLLEN *"
  d:\apanfutov\black hole\c++_proj\multithreaded data loading\multithreaded data loading\multithreaded data loading\faload.cpp(219): note: Типы, на которые указывают указатели, не связаны; для преобразования требуется reinterpret_cast, приведение в стиле С или приведение в стиле функции
d:\apanfutov\black hole\c++_proj\multithreaded data loading\multithreaded data loading\multithreaded data loading\faload.cpp(225): error C2664: "SQLRETURN SQLGetData(SQLHSTMT,SQLUSMALLINT,SQLSMALLINT,SQLPOINTER,SQLLEN,SQLLEN *)": невозможно преобразовать аргумент 6 из "SQLINTEGER *" в "SQLLEN *"
  d:\apanfutov\black hole\c++_proj\multithreaded data loading\multithreaded data loading\multithreaded data loading\faload.cpp(230): note: Типы, на которые указывают указатели, не связаны; для преобразования требуется reinterpret_cast, приведение в стиле С или приведение в стиле функции
d:\apanfutov\black hole\c++_proj\multithreaded data loading\multithreaded data loading\multithreaded data loading\faload.cpp(358): error C2664: "SQLRETURN SQLGetData(SQLHSTMT,SQLUSMALLINT,SQLSMALLINT,SQLPOINTER,SQLLEN,SQLLEN *)": невозможно преобразовать аргумент 6 из "SQLINTEGER *" в "SQLLEN *"
  d:\apanfutov\black hole\c++_proj\multithreaded data loading\multithreaded data loading\multithreaded data loading\faload.cpp(363): note: Типы, на которые указывают указатели, не связаны; для преобразования требуется reinterpret_cast, приведение в стиле С или приведение в стиле функции
d:\apanfutov\black hole\c++_proj\multithreaded data loading\multithreaded data loading\multithreaded data loading\faload.cpp(369): error C2664: "SQLRETURN SQLGetData(SQLHSTMT,SQLUSMALLINT,SQLSMALLINT,SQLPOINTER,SQLLEN,SQLLEN *)": невозможно преобразовать аргумент 6 из "SQLINTEGER *" в "SQLLEN *"
  d:\apanfutov\black hole\c++_proj\multithreaded data loading\multithreaded data loading\multithreaded data loading\faload.cpp(374): note: Типы, на которые указывают указатели, не связаны; для преобразования требуется reinterpret_cast, приведение в стиле С или приведение в стиле функции
d:\apanfutov\black hole\c++_proj\multithreaded data loading\multithreaded data loading\multithreaded data loading\faload.cpp(380): error C2664: "SQLRETURN SQLGetData(SQLHSTMT,SQLUSMALLINT,SQLSMALLINT,SQLPOINTER,SQLLEN,SQLLEN *)": невозможно преобразовать аргумент 6 из "SQLINTEGER *" в "SQLLEN *"
  d:\apanfutov\black hole\c++_proj\multithreaded data loading\multithreaded data loading\multithreaded data loading\faload.cpp(385): note: Типы, на которые указывают указатели, не связаны; для преобразования требуется reinterpret_cast, приведение в стиле С или приведение в стиле функции
d:\apanfutov\black hole\c++_proj\multithreaded data loading\multithreaded data loading\multithreaded data loading\faload.cpp(477): error C2664: "SQLRETURN SQLBindParameter(SQLHSTMT,SQLUSMALLINT,SQLSMALLINT,SQLSMALLINT,SQLSMALLINT,SQLULEN,SQLSMALLINT,SQLPOINTER,SQLLEN,SQLLEN *)": невозможно преобразовать аргумент 10 из "SQLINTEGER *" в "SQLLEN *"
  d:\apanfutov\black hole\c++_proj\multithreaded data loading\multithreaded data loading\multithreaded data loading\faload.cpp(487): note: Типы, на которые указывают указатели, не связаны; для преобразования требуется reinterpret_cast, приведение в стиле С или приведение в стиле функции
d:\apanfutov\black hole\c++_proj\multithreaded data loading\multithreaded data loading\multithreaded data loading\faload.cpp(517): error C2664: "SQLRETURN SQLGetData(SQLHSTMT,SQLUSMALLINT,SQLSMALLINT,SQLPOINTER,SQLLEN,SQLLEN *)": невозможно преобразовать аргумент 6 из "SQLINTEGER *" в "SQLLEN *"
  d:\apanfutov\black hole\c++_proj\multithreaded data loading\multithreaded data loading\multithreaded data loading\faload.cpp(523): note: Типы, на которые указывают указатели, не связаны; для преобразования требуется reinterpret_cast, приведение в стиле С или приведение в стиле функции
d:\apanfutov\black hole\c++_proj\multithreaded data loading\multithreaded data loading\multithreaded data loading\faload.cpp(571): error C2664: "SQLRETURN SQLBindParameter(SQLHSTMT,SQLUSMALLINT,SQLSMALLINT,SQLSMALLINT,SQLSMALLINT,SQLULEN,SQLSMALLINT,SQLPOINTER,SQLLEN,SQLLEN *)": невозможно преобразовать аргумент 10 из "SQLINTEGER *" в "SQLLEN *"
  d:\apanfutov\black hole\c++_proj\multithreaded data loading\multithreaded data loading\multithreaded data loading\faload.cpp(581): note: Типы, на которые указывают указатели, не связаны; для преобразования требуется reinterpret_cast, приведение в стиле С или приведение в стиле функции
d:\apanfutov\black hole\c++_proj\multithreaded data loading\multithreaded data loading\multithreaded data loading\faload.cpp(613): error C2664: "SQLRETURN SQLGetData(SQLHSTMT,SQLUSMALLINT,SQLSMALLINT,SQLPOINTER,SQLLEN,SQLLEN *)": невозможно преобразовать аргумент 6 из "SQLINTEGER *" в "SQLLEN *"
  d:\apanfutov\black hole\c++_proj\multithreaded data loading\multithreaded data loading\multithreaded data loading\faload.cpp(619): note: Типы, на которые указывают указатели, не связаны; для преобразования требуется reinterpret_cast, приведение в стиле С или приведение в стиле функции
d:\apanfutov\black hole\c++_proj\multithreaded data loading\multithreaded data loading\multithreaded data loading\faload.cpp(625): error C2664: "SQLRETURN SQLGetData(SQLHSTMT,SQLUSMALLINT,SQLSMALLINT,SQLPOINTER,SQLLEN,SQLLEN *)": невозможно преобразовать аргумент 6 из "SQLINTEGER *" в "SQLLEN *"
  d:\apanfutov\black hole\c++_proj\multithreaded data loading\multithreaded data loading\multithreaded data loading\faload.cpp(631): note: Типы, на которые указывают указатели, не связаны; для преобразования требуется reinterpret_cast, приведение в стиле С или приведение в стиле функции
d:\apanfutov\black hole\c++_proj\multithreaded data loading\multithreaded data loading\multithreaded data loading\faload.cpp(637): error C2664: "SQLRETURN SQLGetData(SQLHSTMT,SQLUSMALLINT,SQLSMALLINT,SQLPOINTER,SQLLEN,SQLLEN *)": невозможно преобразовать аргумент 6 из "SQLINTEGER *" в "SQLLEN *"
  d:\apanfutov\black hole\c++_proj\multithreaded data loading\multithreaded data loading\multithreaded data loading\faload.cpp(643): note: Типы, на которые указывают указатели, не связаны; для преобразования требуется reinterpret_cast, приведение в стиле С или приведение в стиле функции
d:\apanfutov\black hole\c++_proj\multithreaded data loading\multithreaded data loading\multithreaded data loading\faload.cpp(685): error C2664: "SQLRETURN SQLBindParameter(SQLHSTMT,SQLUSMALLINT,SQLSMALLINT,SQLSMALLINT,SQLSMALLINT,SQLULEN,SQLSMALLINT,SQLPOINTER,SQLLEN,SQLLEN *)": невозможно преобразовать аргумент 10 из "SQLINTEGER *" в "SQLLEN *"
  d:\apanfutov\black hole\c++_proj\multithreaded data loading\multithreaded data loading\multithreaded data loading\faload.cpp(695): note: Типы, на которые указывают указатели, не связаны; для преобразования требуется reinterpret_cast, приведение в стиле С или приведение в стиле функции
d:\apanfutov\black hole\c++_proj\multithreaded data loading\multithreaded data loading\multithreaded data loading\faload.cpp(727): error C2664: "SQLRETURN SQLGetData(SQLHSTMT,SQLUSMALLINT,SQLSMALLINT,SQLPOINTER,SQLLEN,SQLLEN *)": невозможно преобразовать аргумент 6 из "SQLINTEGER *" в "SQLLEN *"
  d:\apanfutov\black hole\c++_proj\multithreaded data loading\multithreaded data loading\multithreaded data loading\faload.cpp(733): note: Типы, на которые указывают указатели, не связаны; для преобразования требуется reinterpret_cast, приведение в стиле С или приведение в стиле функции
d:\apanfutov\black hole\c++_proj\multithreaded data loading\multithreaded data loading\multithreaded data loading\faload.cpp(739): error C2664: "SQLRETURN SQLGetData(SQLHSTMT,SQLUSMALLINT,SQLSMALLINT,SQLPOINTER,SQLLEN,SQLLEN *)": невозможно преобразовать аргумент 6 из "SQLINTEGER *" в "SQLLEN *"
  d:\apanfutov\black hole\c++_proj\multithreaded data loading\multithreaded data loading\multithreaded data loading\faload.cpp(745): note: Типы, на которые указывают указатели, не связаны; для преобразования требуется reinterpret_cast, приведение в стиле С или приведение в стиле функции
d:\apanfutov\black hole\c++_proj\multithreaded data loading\multithreaded data loading\multithreaded data loading\faload.cpp(751): error C2664: "SQLRETURN SQLGetData(SQLHSTMT,SQLUSMALLINT,SQLSMALLINT,SQLPOINTER,SQLLEN,SQLLEN *)": невозможно преобразовать аргумент 6 из "SQLINTEGER *" в "SQLLEN *"
  d:\apanfutov\black hole\c++_proj\multithreaded data loading\multithreaded data loading\multithreaded data loading\faload.cpp(757): note: Типы, на которые указывают указатели, не связаны; для преобразования требуется reinterpret_cast, приведение в стиле С или приведение в стиле функции
d:\apanfutov\black hole\c++_proj\multithreaded data loading\multithreaded data loading\multithreaded data loading\faload.cpp(815): error C2664: "SQLRETURN SQLBindParameter(SQLHSTMT,SQLUSMALLINT,SQLSMALLINT,SQLSMALLINT,SQLSMALLINT,SQLULEN,SQLSMALLINT,SQLPOINTER,SQLLEN,SQLLEN *)": невозможно преобразовать аргумент 10 из "SQLINTEGER *" в "SQLLEN *"
  d:\apanfutov\black hole\c++_proj\multithreaded data loading\multithreaded data loading\multithreaded data loading\faload.cpp(825): note: Типы, на которые указывают указатели, не связаны; для преобразования требуется reinterpret_cast, приведение в стиле С или приведение в стиле функции
d:\apanfutov\black hole\c++_proj\multithreaded data loading\multithreaded data loading\multithreaded data loading\faload.cpp(853): error C2664: "SQLRETURN SQLGetData(SQLHSTMT,SQLUSMALLINT,SQLSMALLINT,SQLPOINTER,SQLLEN,SQLLEN *)": невозможно преобразовать аргумент 6 из "SQLINTEGER *" в "SQLLEN *"
  d:\apanfutov\black hole\c++_proj\multithreaded data loading\multithreaded data loading\multithreaded data loading\faload.cpp(859): note: Типы, на которые указывают указатели, не связаны; для преобразования требуется reinterpret_cast, приведение в стиле С или приведение в стиле функции
d:\apanfutov\black hole\c++_proj\multithreaded data loading\multithreaded data loading\multithreaded data loading\faload.cpp(876): error C2664: "SQLRETURN SQLBindParameter(SQLHSTMT,SQLUSMALLINT,SQLSMALLINT,SQLSMALLINT,SQLSMALLINT,SQLULEN,SQLSMALLINT,SQLPOINTER,SQLLEN,SQLLEN *)": невозможно преобразовать аргумент 10 из "SQLINTEGER *" в "SQLLEN *"
  d:\apanfutov\black hole\c++_proj\multithreaded data loading\multithreaded data loading\multithreaded data loading\faload.cpp(886): note: Типы, на которые указывают указатели, не связаны; для преобразования требуется reinterpret_cast, приведение в стиле С или приведение в стиле функции
d:\apanfutov\black hole\c++_proj\multithreaded data loading\multithreaded data loading\multithreaded data loading\faload.cpp(917): error C2664: "SQLRETURN SQLGetData(SQLHSTMT,SQLUSMALLINT,SQLSMALLINT,SQLPOINTER,SQLLEN,SQLLEN *)": невозможно преобразовать аргумент 6 из "SQLINTEGER *" в "SQLLEN *"
  d:\apanfutov\black hole\c++_proj\multithreaded data loading\multithreaded data loading\multithreaded data loading\faload.cpp(923): note: Типы, на которые указывают указатели, не связаны; для преобразования требуется reinterpret_cast, приведение в стиле С или приведение в стиле функции
d:\apanfutov\black hole\c++_proj\multithreaded data loading\multithreaded data loading\multithreaded data loading\faload.cpp(973): warning C4018: <: несоответствие типов со знаком и без знака
d:\apanfutov\black hole\c++_proj\multithreaded data loading\multithreaded data loading\multithreaded data loading\faload.cpp(998): warning C4018: <: несоответствие типов со знаком и без знака
d:\apanfutov\black hole\c++_proj\multithreaded data loading\multithreaded data loading\multithreaded data loading\faload.cpp(1015): warning C4018: <=: несоответствие типов со знаком и без знака
d:\apanfutov\black hole\c++_proj\multithreaded data loading\multithreaded data loading\multithreaded data loading\faload.cpp(1030): warning C4018: <: несоответствие типов со знаком и без знака
d:\apanfutov\black hole\c++_proj\multithreaded data loading\multithreaded data loading\multithreaded data loading\faload.cpp(1032): warning C4267: =: преобразование из "size_t" в "int"; возможна потеря данных
d:\apanfutov\black hole\c++_proj\multithreaded data loading\multithreaded data loading\multithreaded data loading\faload.cpp(1053): warning C4267: =: преобразование из "size_t" в "int"; возможна потеря данных
d:\apanfutov\black hole\c++_proj\multithreaded data loading\multithreaded data loading\multithreaded data loading\faload.cpp(1066): warning C4018: <: несоответствие типов со знаком и без знака
d:\apanfutov\black hole\c++_proj\multithreaded data loading\multithreaded data loading\multithreaded data loading\faload.cpp(1068): warning C4018: <=: несоответствие типов со знаком и без знака
d:\apanfutov\black hole\c++_proj\multithreaded data loading\multithreaded data loading\multithreaded data loading\faload.cpp(1155): error C2664: "SQLRETURN SQLGetData(SQLHSTMT,SQLUSMALLINT,SQLSMALLINT,SQLPOINTER,SQLLEN,SQLLEN *)": невозможно преобразовать аргумент 6 из "SQLINTEGER *" в "SQLLEN *"
  d:\apanfutov\black hole\c++_proj\multithreaded data loading\multithreaded data loading\multithreaded data loading\faload.cpp(1161): note: Типы, на которые указывают указатели, не связаны; для преобразования требуется reinterpret_cast, приведение в стиле С или приведение в стиле функции
d:\apanfutov\black hole\c++_proj\multithreaded data loading\multithreaded data loading\multithreaded data loading\faload.cpp(1167): error C2664: "SQLRETURN SQLGetData(SQLHSTMT,SQLUSMALLINT,SQLSMALLINT,SQLPOINTER,SQLLEN,SQLLEN *)": невозможно преобразовать аргумент 6 из "SQLINTEGER *" в "SQLLEN *"
  d:\apanfutov\black hole\c++_proj\multithreaded data loading\multithreaded data loading\multithreaded data loading\faload.cpp(1173): note: Типы, на которые указывают указатели, не связаны; для преобразования требуется reinterpret_cast, приведение в стиле С или приведение в стиле функции
d:\apanfutov\black hole\c++_proj\multithreaded data loading\multithreaded data loading\multithreaded data loading\faload.cpp(1197): warning C4267: =: преобразование из "size_t" в "int"; возможна потеря данных
d:\apanfutov\black hole\c++_proj\multithreaded data loading\multithreaded data loading\multithreaded data loading\faload.cpp(1244): warning C4267: =: преобразование из "size_t" в "int"; возможна потеря данных
d:\apanfutov\black hole\c++_proj\multithreaded data loading\multithreaded data loading\multithreaded data loading\faload.cpp(1305): error C2664: "SQLRETURN SQLGetData(SQLHSTMT,SQLUSMALLINT,SQLSMALLINT,SQLPOINTER,SQLLEN,SQLLEN *)": невозможно преобразовать аргумент 6 из "SQLINTEGER *" в "SQLLEN *"
  d:\apanfutov\black hole\c++_proj\multithreaded data loading\multithreaded data loading\multithreaded data loading\faload.cpp(1311): note: Типы, на которые указывают указатели, не связаны; для преобразования требуется reinterpret_cast, приведение в стиле С или приведение в стиле функции
