  AsyncLoad.cpp
  FALoad.cpp
d:\apanfutov\black hole\c++_proj\multithreaded data loading\multithreaded data loading\multithreaded data loading\faload.cpp(279): warning C4018: <: несоответствие типов со знаком и без знака
d:\apanfutov\black hole\c++_proj\multithreaded data loading\multithreaded data loading\multithreaded data loading\faload.cpp(422): warning C4018: <: несоответствие типов со знаком и без знака
d:\apanfutov\black hole\c++_proj\multithreaded data loading\multithreaded data loading\multithreaded data loading\faload.cpp(814): warning C4101: cbColumnLength: неиспользованная локальная переменная
d:\apanfutov\black hole\c++_proj\multithreaded data loading\multithreaded data loading\multithreaded data loading\faload.cpp(1001): warning C4018: <: несоответствие типов со знаком и без знака
d:\apanfutov\black hole\c++_proj\multithreaded data loading\multithreaded data loading\multithreaded data loading\faload.cpp(1025): warning C4018: <: несоответствие типов со знаком и без знака
d:\apanfutov\black hole\c++_proj\multithreaded data loading\multithreaded data loading\multithreaded data loading\faload.cpp(1079): warning C4018: >: несоответствие типов со знаком и без знака
d:\apanfutov\black hole\c++_proj\multithreaded data loading\multithreaded data loading\multithreaded data loading\faload.cpp(993): warning C4101: chColumn: неиспользованная локальная переменная
d:\apanfutov\black hole\c++_proj\multithreaded data loading\multithreaded data loading\multithreaded data loading\faload.cpp(1160): warning C4018: <: несоответствие типов со знаком и без знака
  file.cpp
d:\apanfutov\black hole\c++_proj\multithreaded data loading\multithreaded data loading\multithreaded data loading\file.cpp(79): warning C4018: <: несоответствие типов со знаком и без знака
d:\apanfutov\black hole\c++_proj\multithreaded data loading\multithreaded data loading\multithreaded data loading\file.cpp(81): warning C4018: >: несоответствие типов со знаком и без знака
d:\apanfutov\black hole\c++_proj\multithreaded data loading\multithreaded data loading\multithreaded data loading\file.cpp(99): warning C4018: <: несоответствие типов со знаком и без знака
d:\apanfutov\black hole\c++_proj\multithreaded data loading\multithreaded data loading\multithreaded data loading\file.cpp(101): warning C4018: <: несоответствие типов со знаком и без знака
  main.cpp
d:\apanfutov\black hole\c++_proj\multithreaded data loading\multithreaded data loading\multithreaded data loading\main.cpp(81): warning C4018: <: несоответствие типов со знаком и без знака
d:\apanfutov\black hole\c++_proj\multithreaded data loading\multithreaded data loading\multithreaded data loading\main.cpp(138): warning C4018: <: несоответствие типов со знаком и без знака
  Создание кода...
  Multithreaded Data Loading.vcxproj -> D:\apanfutov\black hole\c++_proj\Multithreaded Data Loading\Multithreaded Data Loading\Debug\Multithreaded Data Loading.exe
