  connection.cpp
d:\apanfutov\black hole\c++_proj\asyncloader\multithreaded-data-loading\multithreaded data loading\multithreaded data loading\connection.cpp(120): warning C4267: аргумент: преобразование из "size_t" в "SQLSMALLINT"; возможна потеря данных
d:\apanfutov\black hole\c++_proj\asyncloader\multithreaded-data-loading\multithreaded data loading\multithreaded data loading\connection.cpp(203): error C2664: "SQLRETURN SQLGetData(SQLHSTMT,SQLUSMALLINT,SQLSMALLINT,SQLPOINTER,SQLLEN,SQLLEN *)": невозможно преобразовать аргумент 6 из "SQLINTEGER *" в "SQLLEN *"
  d:\apanfutov\black hole\c++_proj\asyncloader\multithreaded-data-loading\multithreaded data loading\multithreaded data loading\connection.cpp(203): note: Типы, на которые указывают указатели, не связаны; для преобразования требуется reinterpret_cast, приведение в стиле С или приведение в стиле функции
d:\apanfutov\black hole\c++_proj\asyncloader\multithreaded-data-loading\multithreaded data loading\multithreaded data loading\connection.cpp(204): error C2664: "SQLRETURN SQLGetData(SQLHSTMT,SQLUSMALLINT,SQLSMALLINT,SQLPOINTER,SQLLEN,SQLLEN *)": невозможно преобразовать аргумент 6 из "SQLINTEGER *" в "SQLLEN *"
  d:\apanfutov\black hole\c++_proj\asyncloader\multithreaded-data-loading\multithreaded data loading\multithreaded data loading\connection.cpp(204): note: Типы, на которые указывают указатели, не связаны; для преобразования требуется reinterpret_cast, приведение в стиле С или приведение в стиле функции
d:\apanfutov\black hole\c++_proj\asyncloader\multithreaded-data-loading\multithreaded data loading\multithreaded data loading\connection.cpp(205): error C2664: "SQLRETURN SQLGetData(SQLHSTMT,SQLUSMALLINT,SQLSMALLINT,SQLPOINTER,SQLLEN,SQLLEN *)": невозможно преобразовать аргумент 6 из "SQLINTEGER *" в "SQLLEN *"
  d:\apanfutov\black hole\c++_proj\asyncloader\multithreaded-data-loading\multithreaded data loading\multithreaded data loading\connection.cpp(205): note: Типы, на которые указывают указатели, не связаны; для преобразования требуется reinterpret_cast, приведение в стиле С или приведение в стиле функции
d:\apanfutov\black hole\c++_proj\asyncloader\multithreaded-data-loading\multithreaded data loading\multithreaded data loading\connection.cpp(206): error C2664: "SQLRETURN SQLGetData(SQLHSTMT,SQLUSMALLINT,SQLSMALLINT,SQLPOINTER,SQLLEN,SQLLEN *)": невозможно преобразовать аргумент 6 из "SQLINTEGER *" в "SQLLEN *"
  d:\apanfutov\black hole\c++_proj\asyncloader\multithreaded-data-loading\multithreaded data loading\multithreaded data loading\connection.cpp(206): note: Типы, на которые указывают указатели, не связаны; для преобразования требуется reinterpret_cast, приведение в стиле С или приведение в стиле функции
d:\apanfutov\black hole\c++_proj\asyncloader\multithreaded-data-loading\multithreaded data loading\multithreaded data loading\connection.cpp(279): error C2664: "SQLRETURN SQLGetData(SQLHSTMT,SQLUSMALLINT,SQLSMALLINT,SQLPOINTER,SQLLEN,SQLLEN *)": невозможно преобразовать аргумент 6 из "SQLINTEGER *" в "SQLLEN *"
  d:\apanfutov\black hole\c++_proj\asyncloader\multithreaded-data-loading\multithreaded data loading\multithreaded data loading\connection.cpp(285): note: Типы, на которые указывают указатели, не связаны; для преобразования требуется reinterpret_cast, приведение в стиле С или приведение в стиле функции
  FALoad.cpp
d:\apanfutov\black hole\c++_proj\asyncloader\multithreaded-data-loading\multithreaded data loading\multithreaded data loading\faload.cpp(109): error C2664: "SQLRETURN SQLBindParameter(SQLHSTMT,SQLUSMALLINT,SQLSMALLINT,SQLSMALLINT,SQLSMALLINT,SQLULEN,SQLSMALLINT,SQLPOINTER,SQLLEN,SQLLEN *)": невозможно преобразовать аргумент 10 из "SQLINTEGER *" в "SQLLEN *"
  d:\apanfutov\black hole\c++_proj\asyncloader\multithreaded-data-loading\multithreaded data loading\multithreaded data loading\faload.cpp(118): note: Типы, на которые указывают указатели, не связаны; для преобразования требуется reinterpret_cast, приведение в стиле С или приведение в стиле функции
d:\apanfutov\black hole\c++_proj\asyncloader\multithreaded-data-loading\multithreaded data loading\multithreaded data loading\faload.cpp(147): error C2664: "SQLRETURN SQLGetData(SQLHSTMT,SQLUSMALLINT,SQLSMALLINT,SQLPOINTER,SQLLEN,SQLLEN *)": невозможно преобразовать аргумент 6 из "SQLINTEGER *" в "SQLLEN *"
  d:\apanfutov\black hole\c++_proj\asyncloader\multithreaded-data-loading\multithreaded data loading\multithreaded data loading\faload.cpp(152): note: Типы, на которые указывают указатели, не связаны; для преобразования требуется reinterpret_cast, приведение в стиле С или приведение в стиле функции
d:\apanfutov\black hole\c++_proj\asyncloader\multithreaded-data-loading\multithreaded data loading\multithreaded data loading\faload.cpp(158): error C2664: "SQLRETURN SQLGetData(SQLHSTMT,SQLUSMALLINT,SQLSMALLINT,SQLPOINTER,SQLLEN,SQLLEN *)": невозможно преобразовать аргумент 6 из "SQLINTEGER *" в "SQLLEN *"
  d:\apanfutov\black hole\c++_proj\asyncloader\multithreaded-data-loading\multithreaded data loading\multithreaded data loading\faload.cpp(163): note: Типы, на которые указывают указатели, не связаны; для преобразования требуется reinterpret_cast, приведение в стиле С или приведение в стиле функции
d:\apanfutov\black hole\c++_proj\asyncloader\multithreaded-data-loading\multithreaded data loading\multithreaded data loading\faload.cpp(169): error C2664: "SQLRETURN SQLGetData(SQLHSTMT,SQLUSMALLINT,SQLSMALLINT,SQLPOINTER,SQLLEN,SQLLEN *)": невозможно преобразовать аргумент 6 из "SQLINTEGER *" в "SQLLEN *"
  d:\apanfutov\black hole\c++_proj\asyncloader\multithreaded-data-loading\multithreaded data loading\multithreaded data loading\faload.cpp(174): note: Типы, на которые указывают указатели, не связаны; для преобразования требуется reinterpret_cast, приведение в стиле С или приведение в стиле функции
d:\apanfutov\black hole\c++_proj\asyncloader\multithreaded-data-loading\multithreaded data loading\multithreaded data loading\faload.cpp(180): error C2664: "SQLRETURN SQLGetData(SQLHSTMT,SQLUSMALLINT,SQLSMALLINT,SQLPOINTER,SQLLEN,SQLLEN *)": невозможно преобразовать аргумент 6 из "SQLINTEGER *" в "SQLLEN *"
  d:\apanfutov\black hole\c++_proj\asyncloader\multithreaded-data-loading\multithreaded data loading\multithreaded data loading\faload.cpp(185): note: Типы, на которые указывают указатели, не связаны; для преобразования требуется reinterpret_cast, приведение в стиле С или приведение в стиле функции
d:\apanfutov\black hole\c++_proj\asyncloader\multithreaded-data-loading\multithreaded data loading\multithreaded data loading\faload.cpp(191): error C2664: "SQLRETURN SQLGetData(SQLHSTMT,SQLUSMALLINT,SQLSMALLINT,SQLPOINTER,SQLLEN,SQLLEN *)": невозможно преобразовать аргумент 6 из "SQLINTEGER *" в "SQLLEN *"
  d:\apanfutov\black hole\c++_proj\asyncloader\multithreaded-data-loading\multithreaded data loading\multithreaded data loading\faload.cpp(196): note: Типы, на которые указывают указатели, не связаны; для преобразования требуется reinterpret_cast, приведение в стиле С или приведение в стиле функции
d:\apanfutov\black hole\c++_proj\asyncloader\multithreaded-data-loading\multithreaded data loading\multithreaded data loading\faload.cpp(202): error C2664: "SQLRETURN SQLGetData(SQLHSTMT,SQLUSMALLINT,SQLSMALLINT,SQLPOINTER,SQLLEN,SQLLEN *)": невозможно преобразовать аргумент 6 из "SQLINTEGER *" в "SQLLEN *"
  d:\apanfutov\black hole\c++_proj\asyncloader\multithreaded-data-loading\multithreaded data loading\multithreaded data loading\faload.cpp(207): note: Типы, на которые указывают указатели, не связаны; для преобразования требуется reinterpret_cast, приведение в стиле С или приведение в стиле функции
d:\apanfutov\black hole\c++_proj\asyncloader\multithreaded-data-loading\multithreaded data loading\multithreaded data loading\faload.cpp(213): error C2664: "SQLRETURN SQLGetData(SQLHSTMT,SQLUSMALLINT,SQLSMALLINT,SQLPOINTER,SQLLEN,SQLLEN *)": невозможно преобразовать аргумент 6 из "SQLINTEGER *" в "SQLLEN *"
  d:\apanfutov\black hole\c++_proj\asyncloader\multithreaded-data-loading\multithreaded data loading\multithreaded data loading\faload.cpp(218): note: Типы, на которые указывают указатели, не связаны; для преобразования требуется reinterpret_cast, приведение в стиле С или приведение в стиле функции
d:\apanfutov\black hole\c++_proj\asyncloader\multithreaded-data-loading\multithreaded data loading\multithreaded data loading\faload.cpp(224): error C2664: "SQLRETURN SQLGetData(SQLHSTMT,SQLUSMALLINT,SQLSMALLINT,SQLPOINTER,SQLLEN,SQLLEN *)": невозможно преобразовать аргумент 6 из "SQLINTEGER *" в "SQLLEN *"
  d:\apanfutov\black hole\c++_proj\asyncloader\multithreaded-data-loading\multithreaded data loading\multithreaded data loading\faload.cpp(229): note: Типы, на которые указывают указатели, не связаны; для преобразования требуется reinterpret_cast, приведение в стиле С или приведение в стиле функции
d:\apanfutov\black hole\c++_proj\asyncloader\multithreaded-data-loading\multithreaded data loading\multithreaded data loading\faload.cpp(363): error C2664: "SQLRETURN SQLGetData(SQLHSTMT,SQLUSMALLINT,SQLSMALLINT,SQLPOINTER,SQLLEN,SQLLEN *)": невозможно преобразовать аргумент 6 из "SQLINTEGER *" в "SQLLEN *"
  d:\apanfutov\black hole\c++_proj\asyncloader\multithreaded-data-loading\multithreaded data loading\multithreaded data loading\faload.cpp(368): note: Типы, на которые указывают указатели, не связаны; для преобразования требуется reinterpret_cast, приведение в стиле С или приведение в стиле функции
d:\apanfutov\black hole\c++_proj\asyncloader\multithreaded-data-loading\multithreaded data loading\multithreaded data loading\faload.cpp(374): error C2664: "SQLRETURN SQLGetData(SQLHSTMT,SQLUSMALLINT,SQLSMALLINT,SQLPOINTER,SQLLEN,SQLLEN *)": невозможно преобразовать аргумент 6 из "SQLINTEGER *" в "SQLLEN *"
  d:\apanfutov\black hole\c++_proj\asyncloader\multithreaded-data-loading\multithreaded data loading\multithreaded data loading\faload.cpp(379): note: Типы, на которые указывают указатели, не связаны; для преобразования требуется reinterpret_cast, приведение в стиле С или приведение в стиле функции
d:\apanfutov\black hole\c++_proj\asyncloader\multithreaded-data-loading\multithreaded data loading\multithreaded data loading\faload.cpp(385): error C2664: "SQLRETURN SQLGetData(SQLHSTMT,SQLUSMALLINT,SQLSMALLINT,SQLPOINTER,SQLLEN,SQLLEN *)": невозможно преобразовать аргумент 6 из "SQLINTEGER *" в "SQLLEN *"
  d:\apanfutov\black hole\c++_proj\asyncloader\multithreaded-data-loading\multithreaded data loading\multithreaded data loading\faload.cpp(390): note: Типы, на которые указывают указатели, не связаны; для преобразования требуется reinterpret_cast, приведение в стиле С или приведение в стиле функции
d:\apanfutov\black hole\c++_proj\asyncloader\multithreaded-data-loading\multithreaded data loading\multithreaded data loading\faload.cpp(473): error C2664: "SQLRETURN SQLBindParameter(SQLHSTMT,SQLUSMALLINT,SQLSMALLINT,SQLSMALLINT,SQLSMALLINT,SQLULEN,SQLSMALLINT,SQLPOINTER,SQLLEN,SQLLEN *)": невозможно преобразовать аргумент 10 из "SQLINTEGER *" в "SQLLEN *"
  d:\apanfutov\black hole\c++_proj\asyncloader\multithreaded-data-loading\multithreaded data loading\multithreaded data loading\faload.cpp(483): note: Типы, на которые указывают указатели, не связаны; для преобразования требуется reinterpret_cast, приведение в стиле С или приведение в стиле функции
d:\apanfutov\black hole\c++_proj\asyncloader\multithreaded-data-loading\multithreaded data loading\multithreaded data loading\faload.cpp(513): error C2664: "SQLRETURN SQLGetData(SQLHSTMT,SQLUSMALLINT,SQLSMALLINT,SQLPOINTER,SQLLEN,SQLLEN *)": невозможно преобразовать аргумент 6 из "SQLINTEGER *" в "SQLLEN *"
  d:\apanfutov\black hole\c++_proj\asyncloader\multithreaded-data-loading\multithreaded data loading\multithreaded data loading\faload.cpp(519): note: Типы, на которые указывают указатели, не связаны; для преобразования требуется reinterpret_cast, приведение в стиле С или приведение в стиле функции
d:\apanfutov\black hole\c++_proj\asyncloader\multithreaded-data-loading\multithreaded data loading\multithreaded data loading\faload.cpp(568): error C2664: "SQLRETURN SQLBindParameter(SQLHSTMT,SQLUSMALLINT,SQLSMALLINT,SQLSMALLINT,SQLSMALLINT,SQLULEN,SQLSMALLINT,SQLPOINTER,SQLLEN,SQLLEN *)": невозможно преобразовать аргумент 10 из "SQLINTEGER *" в "SQLLEN *"
  d:\apanfutov\black hole\c++_proj\asyncloader\multithreaded-data-loading\multithreaded data loading\multithreaded data loading\faload.cpp(578): note: Типы, на которые указывают указатели, не связаны; для преобразования требуется reinterpret_cast, приведение в стиле С или приведение в стиле функции
d:\apanfutov\black hole\c++_proj\asyncloader\multithreaded-data-loading\multithreaded data loading\multithreaded data loading\faload.cpp(610): error C2664: "SQLRETURN SQLGetData(SQLHSTMT,SQLUSMALLINT,SQLSMALLINT,SQLPOINTER,SQLLEN,SQLLEN *)": невозможно преобразовать аргумент 6 из "SQLINTEGER *" в "SQLLEN *"
  d:\apanfutov\black hole\c++_proj\asyncloader\multithreaded-data-loading\multithreaded data loading\multithreaded data loading\faload.cpp(616): note: Типы, на которые указывают указатели, не связаны; для преобразования требуется reinterpret_cast, приведение в стиле С или приведение в стиле функции
d:\apanfutov\black hole\c++_proj\asyncloader\multithreaded-data-loading\multithreaded data loading\multithreaded data loading\faload.cpp(622): error C2664: "SQLRETURN SQLGetData(SQLHSTMT,SQLUSMALLINT,SQLSMALLINT,SQLPOINTER,SQLLEN,SQLLEN *)": невозможно преобразовать аргумент 6 из "SQLINTEGER *" в "SQLLEN *"
  d:\apanfutov\black hole\c++_proj\asyncloader\multithreaded-data-loading\multithreaded data loading\multithreaded data loading\faload.cpp(628): note: Типы, на которые указывают указатели, не связаны; для преобразования требуется reinterpret_cast, приведение в стиле С или приведение в стиле функции
d:\apanfutov\black hole\c++_proj\asyncloader\multithreaded-data-loading\multithreaded data loading\multithreaded data loading\faload.cpp(634): error C2664: "SQLRETURN SQLGetData(SQLHSTMT,SQLUSMALLINT,SQLSMALLINT,SQLPOINTER,SQLLEN,SQLLEN *)": невозможно преобразовать аргумент 6 из "SQLINTEGER *" в "SQLLEN *"
  d:\apanfutov\black hole\c++_proj\asyncloader\multithreaded-data-loading\multithreaded data loading\multithreaded data loading\faload.cpp(640): note: Типы, на которые указывают указатели, не связаны; для преобразования требуется reinterpret_cast, приведение в стиле С или приведение в стиле функции
d:\apanfutov\black hole\c++_proj\asyncloader\multithreaded-data-loading\multithreaded data loading\multithreaded data loading\faload.cpp(682): error C2664: "SQLRETURN SQLBindParameter(SQLHSTMT,SQLUSMALLINT,SQLSMALLINT,SQLSMALLINT,SQLSMALLINT,SQLULEN,SQLSMALLINT,SQLPOINTER,SQLLEN,SQLLEN *)": невозможно преобразовать аргумент 10 из "SQLINTEGER *" в "SQLLEN *"
  d:\apanfutov\black hole\c++_proj\asyncloader\multithreaded-data-loading\multithreaded data loading\multithreaded data loading\faload.cpp(692): note: Типы, на которые указывают указатели, не связаны; для преобразования требуется reinterpret_cast, приведение в стиле С или приведение в стиле функции
d:\apanfutov\black hole\c++_proj\asyncloader\multithreaded-data-loading\multithreaded data loading\multithreaded data loading\faload.cpp(724): error C2664: "SQLRETURN SQLGetData(SQLHSTMT,SQLUSMALLINT,SQLSMALLINT,SQLPOINTER,SQLLEN,SQLLEN *)": невозможно преобразовать аргумент 6 из "SQLINTEGER *" в "SQLLEN *"
  d:\apanfutov\black hole\c++_proj\asyncloader\multithreaded-data-loading\multithreaded data loading\multithreaded data loading\faload.cpp(730): note: Типы, на которые указывают указатели, не связаны; для преобразования требуется reinterpret_cast, приведение в стиле С или приведение в стиле функции
d:\apanfutov\black hole\c++_proj\asyncloader\multithreaded-data-loading\multithreaded data loading\multithreaded data loading\faload.cpp(736): error C2664: "SQLRETURN SQLGetData(SQLHSTMT,SQLUSMALLINT,SQLSMALLINT,SQLPOINTER,SQLLEN,SQLLEN *)": невозможно преобразовать аргумент 6 из "SQLINTEGER *" в "SQLLEN *"
  d:\apanfutov\black hole\c++_proj\asyncloader\multithreaded-data-loading\multithreaded data loading\multithreaded data loading\faload.cpp(742): note: Типы, на которые указывают указатели, не связаны; для преобразования требуется reinterpret_cast, приведение в стиле С или приведение в стиле функции
d:\apanfutov\black hole\c++_proj\asyncloader\multithreaded-data-loading\multithreaded data loading\multithreaded data loading\faload.cpp(748): error C2664: "SQLRETURN SQLGetData(SQLHSTMT,SQLUSMALLINT,SQLSMALLINT,SQLPOINTER,SQLLEN,SQLLEN *)": невозможно преобразовать аргумент 6 из "SQLINTEGER *" в "SQLLEN *"
  d:\apanfutov\black hole\c++_proj\asyncloader\multithreaded-data-loading\multithreaded data loading\multithreaded data loading\faload.cpp(754): note: Типы, на которые указывают указатели, не связаны; для преобразования требуется reinterpret_cast, приведение в стиле С или приведение в стиле функции
d:\apanfutov\black hole\c++_proj\asyncloader\multithreaded-data-loading\multithreaded data loading\multithreaded data loading\faload.cpp(817): error C2664: "SQLRETURN SQLBindParameter(SQLHSTMT,SQLUSMALLINT,SQLSMALLINT,SQLSMALLINT,SQLSMALLINT,SQLULEN,SQLSMALLINT,SQLPOINTER,SQLLEN,SQLLEN *)": невозможно преобразовать аргумент 10 из "SQLINTEGER *" в "SQLLEN *"
  d:\apanfutov\black hole\c++_proj\asyncloader\multithreaded-data-loading\multithreaded data loading\multithreaded data loading\faload.cpp(827): note: Типы, на которые указывают указатели, не связаны; для преобразования требуется reinterpret_cast, приведение в стиле С или приведение в стиле функции
d:\apanfutov\black hole\c++_proj\asyncloader\multithreaded-data-loading\multithreaded data loading\multithreaded data loading\faload.cpp(855): error C2664: "SQLRETURN SQLGetData(SQLHSTMT,SQLUSMALLINT,SQLSMALLINT,SQLPOINTER,SQLLEN,SQLLEN *)": невозможно преобразовать аргумент 6 из "SQLINTEGER *" в "SQLLEN *"
  d:\apanfutov\black hole\c++_proj\asyncloader\multithreaded-data-loading\multithreaded data loading\multithreaded data loading\faload.cpp(861): note: Типы, на которые указывают указатели, не связаны; для преобразования требуется reinterpret_cast, приведение в стиле С или приведение в стиле функции
d:\apanfutov\black hole\c++_proj\asyncloader\multithreaded-data-loading\multithreaded data loading\multithreaded data loading\faload.cpp(878): error C2664: "SQLRETURN SQLBindParameter(SQLHSTMT,SQLUSMALLINT,SQLSMALLINT,SQLSMALLINT,SQLSMALLINT,SQLULEN,SQLSMALLINT,SQLPOINTER,SQLLEN,SQLLEN *)": невозможно преобразовать аргумент 10 из "SQLINTEGER *" в "SQLLEN *"
  d:\apanfutov\black hole\c++_proj\asyncloader\multithreaded-data-loading\multithreaded data loading\multithreaded data loading\faload.cpp(888): note: Типы, на которые указывают указатели, не связаны; для преобразования требуется reinterpret_cast, приведение в стиле С или приведение в стиле функции
d:\apanfutov\black hole\c++_proj\asyncloader\multithreaded-data-loading\multithreaded data loading\multithreaded data loading\faload.cpp(923): error C2664: "SQLRETURN SQLGetData(SQLHSTMT,SQLUSMALLINT,SQLSMALLINT,SQLPOINTER,SQLLEN,SQLLEN *)": невозможно преобразовать аргумент 6 из "SQLINTEGER *" в "SQLLEN *"
  d:\apanfutov\black hole\c++_proj\asyncloader\multithreaded-data-loading\multithreaded data loading\multithreaded data loading\faload.cpp(929): note: Типы, на которые указывают указатели, не связаны; для преобразования требуется reinterpret_cast, приведение в стиле С или приведение в стиле функции
d:\apanfutov\black hole\c++_proj\asyncloader\multithreaded-data-loading\multithreaded data loading\multithreaded data loading\faload.cpp(935): error C2664: "SQLRETURN SQLGetData(SQLHSTMT,SQLUSMALLINT,SQLSMALLINT,SQLPOINTER,SQLLEN,SQLLEN *)": невозможно преобразовать аргумент 6 из "SQLINTEGER *" в "SQLLEN *"
  d:\apanfutov\black hole\c++_proj\asyncloader\multithreaded-data-loading\multithreaded data loading\multithreaded data loading\faload.cpp(941): note: Типы, на которые указывают указатели, не связаны; для преобразования требуется reinterpret_cast, приведение в стиле С или приведение в стиле функции
d:\apanfutov\black hole\c++_proj\asyncloader\multithreaded-data-loading\multithreaded data loading\multithreaded data loading\faload.cpp(1000): warning C4018: <: несоответствие типов со знаком и без знака
d:\apanfutov\black hole\c++_proj\asyncloader\multithreaded-data-loading\multithreaded data loading\multithreaded data loading\faload.cpp(1024): warning C4018: <: несоответствие типов со знаком и без знака
d:\apanfutov\black hole\c++_proj\asyncloader\multithreaded-data-loading\multithreaded data loading\multithreaded data loading\faload.cpp(1072): warning C4267: =: преобразование из "size_t" в "unsigned long"; возможна потеря данных
d:\apanfutov\black hole\c++_proj\asyncloader\multithreaded-data-loading\multithreaded data loading\multithreaded data loading\faload.cpp(1100): warning C4267: =: преобразование из "size_t" в "unsigned long"; возможна потеря данных
d:\apanfutov\black hole\c++_proj\asyncloader\multithreaded-data-loading\multithreaded data loading\multithreaded data loading\faload.cpp(1233): error C2664: "SQLRETURN SQLBindParameter(SQLHSTMT,SQLUSMALLINT,SQLSMALLINT,SQLSMALLINT,SQLSMALLINT,SQLULEN,SQLSMALLINT,SQLPOINTER,SQLLEN,SQLLEN *)": невозможно преобразовать аргумент 10 из "SQLINTEGER *" в "SQLLEN *"
  d:\apanfutov\black hole\c++_proj\asyncloader\multithreaded-data-loading\multithreaded data loading\multithreaded data loading\faload.cpp(1243): note: Типы, на которые указывают указатели, не связаны; для преобразования требуется reinterpret_cast, приведение в стиле С или приведение в стиле функции
d:\apanfutov\black hole\c++_proj\asyncloader\multithreaded-data-loading\multithreaded data loading\multithreaded data loading\faload.cpp(1272): error C2664: "SQLRETURN SQLGetData(SQLHSTMT,SQLUSMALLINT,SQLSMALLINT,SQLPOINTER,SQLLEN,SQLLEN *)": невозможно преобразовать аргумент 6 из "SQLINTEGER *" в "SQLLEN *"
  d:\apanfutov\black hole\c++_proj\asyncloader\multithreaded-data-loading\multithreaded data loading\multithreaded data loading\faload.cpp(1278): note: Типы, на которые указывают указатели, не связаны; для преобразования требуется reinterpret_cast, приведение в стиле С или приведение в стиле функции
d:\apanfutov\black hole\c++_proj\asyncloader\multithreaded-data-loading\multithreaded data loading\multithreaded data loading\faload.cpp(1284): error C2664: "SQLRETURN SQLGetData(SQLHSTMT,SQLUSMALLINT,SQLSMALLINT,SQLPOINTER,SQLLEN,SQLLEN *)": невозможно преобразовать аргумент 6 из "SQLINTEGER *" в "SQLLEN *"
  d:\apanfutov\black hole\c++_proj\asyncloader\multithreaded-data-loading\multithreaded data loading\multithreaded data loading\faload.cpp(1290): note: Типы, на которые указывают указатели, не связаны; для преобразования требуется reinterpret_cast, приведение в стиле С или приведение в стиле функции
d:\apanfutov\black hole\c++_proj\asyncloader\multithreaded-data-loading\multithreaded data loading\multithreaded data loading\faload.cpp(1314): warning C4267: =: преобразование из "size_t" в "int"; возможна потеря данных
d:\apanfutov\black hole\c++_proj\asyncloader\multithreaded-data-loading\multithreaded data loading\multithreaded data loading\faload.cpp(1364): warning C4267: =: преобразование из "size_t" в "int"; возможна потеря данных
d:\apanfutov\black hole\c++_proj\asyncloader\multithreaded-data-loading\multithreaded data loading\multithreaded data loading\faload.cpp(1428): error C2664: "SQLRETURN SQLGetData(SQLHSTMT,SQLUSMALLINT,SQLSMALLINT,SQLPOINTER,SQLLEN,SQLLEN *)": невозможно преобразовать аргумент 6 из "SQLINTEGER *" в "SQLLEN *"
  d:\apanfutov\black hole\c++_proj\asyncloader\multithreaded-data-loading\multithreaded data loading\multithreaded data loading\faload.cpp(1434): note: Типы, на которые указывают указатели, не связаны; для преобразования требуется reinterpret_cast, приведение в стиле С или приведение в стиле функции
  Создание кода...
